000 (30249565.002.000) 12/10 20:53:28 Job submitted from host: <131.225.188.57:9618?addrs=131.225.188.57-9618&noUDP&sock=2564_44eb_3>
...
001 (30249565.002.000) 12/10 20:53:50 Job executing on host: <131.225.205.211:9618?addrs=131.225.205.211-9618&noUDP&sock=1494_5694_3>
...
006 (30249565.002.000) 12/10 20:53:59 Image size of job updated: 6
	6  -  MemoryUsage of job (MB)
	6580  -  ResidentSetSize of job (KB)
...
006 (30249565.002.000) 12/10 20:55:00 Image size of job updated: 78
	78  -  MemoryUsage of job (MB)
	80720  -  ResidentSetSize of job (KB)
...
006 (30249565.002.000) 12/10 20:56:01 Image size of job updated: 78
	78  -  MemoryUsage of job (MB)
	80804  -  ResidentSetSize of job (KB)
...
006 (30249565.002.000) 12/10 20:57:02 Image size of job updated: 78
	78  -  MemoryUsage of job (MB)
	80868  -  ResidentSetSize of job (KB)
...
005 (30249565.002.000) 12/10 21:05:39 Job terminated.
	(1) Normal termination (return value 11)
		Usr 0 00:03:03, Sys 0 00:00:43  -  Run Remote Usage
		Usr 0 00:00:00, Sys 0 00:00:00  -  Run Local Usage
		Usr 0 00:03:03, Sys 0 00:00:43  -  Total Remote Usage
		Usr 0 00:00:00, Sys 0 00:00:00  -  Total Local Usage
	115538816  -  Run Bytes Sent By Job
	298677  -  Run Bytes Received By Job
	115538816  -  Total Bytes Sent By Job
	298677  -  Total Bytes Received By Job
	Partitionable Resources :     Usage  Request Allocated 
	   Cpus                 :      0.00        1         1 
	   Disk (KB)            : 113565         300   1695129 
	   Memory (MB)          :     78        2048      2048 
...
