000 (30249565.001.000) 12/10 20:53:28 Job submitted from host: <131.225.188.57:9618?addrs=131.225.188.57-9618&noUDP&sock=2564_44eb_3>
...
001 (30249565.001.000) 12/10 20:53:50 Job executing on host: <131.225.191.165:9618?addrs=131.225.191.165-9618&noUDP&sock=1431_201d_3>
...
006 (30249565.001.000) 12/10 20:53:59 Image size of job updated: 6
	6  -  MemoryUsage of job (MB)
	6620  -  ResidentSetSize of job (KB)
...
006 (30249565.001.000) 12/10 20:55:00 Image size of job updated: 78
	78  -  MemoryUsage of job (MB)
	80284  -  ResidentSetSize of job (KB)
...
006 (30249565.001.000) 12/10 20:56:01 Image size of job updated: 79
	79  -  MemoryUsage of job (MB)
	81104  -  ResidentSetSize of job (KB)
...
005 (30249565.001.000) 12/10 21:15:45 Job terminated.
	(1) Normal termination (return value 11)
		Usr 0 00:06:21, Sys 0 00:01:39  -  Run Remote Usage
		Usr 0 00:00:00, Sys 0 00:00:00  -  Run Local Usage
		Usr 0 00:06:21, Sys 0 00:01:39  -  Total Remote Usage
		Usr 0 00:00:00, Sys 0 00:00:00  -  Total Local Usage
	116679768  -  Run Bytes Sent By Job
	298677  -  Run Bytes Received By Job
	116679768  -  Total Bytes Sent By Job
	298677  -  Total Bytes Received By Job
	Partitionable Resources :    Usage  Request Allocated 
	   Cpus                 :        0        1         1 
	   Disk (KB)            :   114679      300    762258 
	   Memory (MB)          :       78     2048      2048 
...
